Using pre-set license
Built from '2020.3/staging' branch; Version is '2020.3.14f1 (d0d1bb862f9d) revision 13685179'; Using compiler version '192528614'; Build Type 'Release'
OS: 'Windows 10 Pro; OS build 19042.1165; Version 2009; 64bit' Language: 'ru' Physical Memory: 16310 MB
BatchMode: 1, IsHumanControllingUs: 0, StartBugReporterOnCrash: 0, Is64bit: 1, IsPro: 0

 COMMAND LINE ARGUMENTS:
C:\Program Files\Unity\Hub\Editor\2020.3.14f1\Editor\Unity.exe
-adb2
-batchMode
-noUpm
-name
AssetImportWorker0
-projectPath
C:/Users/Максим2/Documents/repos_unity/Unity2D/Block Breaker/Block_Breaker
-logFile
Logs/AssetImportWorker0.log
-srvPort
63880
Successfully changed project path to: C:/Users/Максим2/Documents/repos_unity/Unity2D/Block Breaker/Block_Breaker
C:/Users/Максим2/Documents/repos_unity/Unity2D/Block Breaker/Block_Breaker
Using Asset Import Pipeline V2.
Refreshing native plugins compatible for Editor in 36.99 ms, found 3 plugins.
Preloading 0 native plugins for Editor in 0.00 ms.
Initialize engine version: 2020.3.14f1 (d0d1bb862f9d)
[Subsystems] Discovering subsystems at path C:/Program Files/Unity/Hub/Editor/2020.3.14f1/Editor/Data/Resources/UnitySubsystems
[Subsystems] Discovering subsystems at path C:/Users/Максим2/Documents/repos_unity/Unity2D/Block Breaker/Block_Breaker/Assets
GfxDevice: creating device client; threaded=0
Direct3D:
    Version:  Direct3D 11.0 [level 11.1]
    Renderer: NVIDIA GeForce GTX 1080 Ti (ID=0x1b06)
    Vendor:   
    VRAM:     11127 MB
    Driver:   30.0.14.7111
Initialize mono
Mono path[0] = 'C:/Program Files/Unity/Hub/Editor/2020.3.14f1/Editor/Data/Managed'
Mono path[1] = 'C:/Program Files/Unity/Hub/Editor/2020.3.14f1/Editor/Data/MonoBleedingEdge/lib/mono/unityjit'
Mono config path = 'C:/Program Files/Unity/Hub/Editor/2020.3.14f1/Editor/Data/MonoBleedingEdge/etc'
Using monoOptions --debugger-agent=transport=dt_socket,embedding=1,server=y,suspend=n,address=127.0.0.1:56652
Begin MonoManager ReloadAssembly
Registering precompiled unity dll's ...
Register platform support module: C:/Program Files/Unity/Hub/Editor/2020.3.14f1/Editor/Data/PlaybackEngines/WebGLSupport/UnityEditor.WebGL.Extensions.dll
Register platform support module: C:/Program Files/Unity/Hub/Editor/2020.3.14f1/Editor/Data/PlaybackEngines/WindowsStandaloneSupport/UnityEditor.WindowsStandalone.Extensions.dll
Registered in 0.001576 seconds.
Native extension for WindowsStandalone target not found
Native extension for WebGL target not found
Refreshing native plugins compatible for Editor in 37.33 ms, found 3 plugins.
Preloading 0 native plugins for Editor in 0.00 ms.
Mono: successfully reloaded assembly
- Completed reload, in  1.704 seconds
Domain Reload Profiling:
	ReloadAssembly (1705ms)
		BeginReloadAssembly (43ms)
			ExecutionOrderSort (0ms)
			DisableScriptedObjects (0ms)
			BackupInstance (0ms)
			ReleaseScriptingObjects (0ms)
			CreateAndSetChildDomain (1ms)
		EndReloadAssembly (362ms)
			LoadAssemblies (41ms)
			RebuildTransferFunctionScriptingTraits (0ms)
			SetupTypeCache (127ms)
			ReleaseScriptCaches (0ms)
			RebuildScriptCaches (34ms)
			SetupLoadedEditorAssemblies (148ms)
				LogAssemblyErrors (0ms)
				InitializePlatformSupportModulesInManaged (5ms)
				SetLoadedEditorAssemblies (0ms)
				RefreshPlugins (37ms)
				BeforeProcessingInitializeOnLoad (9ms)
				ProcessInitializeOnLoadAttributes (73ms)
				ProcessInitializeOnLoadMethodAttributes (23ms)
				AfterProcessingInitializeOnLoad (0ms)
				EditorAssembliesLoaded (0ms)
			ExecutionOrderSort2 (0ms)
			AwakeInstancesAfterBackupRestoration (0ms)
Platform modules already initialized, skipping
Registering precompiled user dll's ...
Registered in 0.002976 seconds.
Begin MonoManager ReloadAssembly
Native extension for WindowsStandalone target not found
Native extension for WebGL target not found
Refreshing native plugins compatible for Editor in 36.92 ms, found 3 plugins.
Preloading 0 native plugins for Editor in 0.00 ms.
Mono: successfully reloaded assembly
- Completed reload, in  0.976 seconds
Domain Reload Profiling:
	ReloadAssembly (977ms)
		BeginReloadAssembly (126ms)
			ExecutionOrderSort (0ms)
			DisableScriptedObjects (4ms)
			BackupInstance (0ms)
			ReleaseScriptingObjects (0ms)
			CreateAndSetChildDomain (17ms)
		EndReloadAssembly (795ms)
			LoadAssemblies (74ms)
			RebuildTransferFunctionScriptingTraits (0ms)
			SetupTypeCache (242ms)
			ReleaseScriptCaches (1ms)
			RebuildScriptCaches (56ms)
			SetupLoadedEditorAssemblies (319ms)
				LogAssemblyErrors (0ms)
				InitializePlatformSupportModulesInManaged (4ms)
				SetLoadedEditorAssemblies (0ms)
				RefreshPlugins (37ms)
				BeforeProcessingInitializeOnLoad (84ms)
				ProcessInitializeOnLoadAttributes (179ms)
				ProcessInitializeOnLoadMethodAttributes (11ms)
				AfterProcessingInitializeOnLoad (4ms)
				EditorAssembliesLoaded (0ms)
			ExecutionOrderSort2 (0ms)
			AwakeInstancesAfterBackupRestoration (6ms)
Platform modules already initialized, skipping
========================================================================
Worker process is ready to serve import requests
Launched and connected shader compiler UnityShaderCompiler.exe after 0.03 seconds
Refreshing native plugins compatible for Editor in 0.46 ms, found 3 plugins.
Preloading 0 native plugins for Editor in 0.00 ms.
Unloading 2140 Unused Serialized files (Serialized files now loaded: 0)
System memory in use before: 97.0 MB.
System memory in use after: 96.9 MB.

Unloading 33 unused Assets to reduce memory usage. Loaded Objects now: 2576.
Total: 2.081700 ms (FindLiveObjects: 0.202600 ms CreateObjectMapping: 0.051600 ms MarkObjects: 1.706600 ms  DeleteObjects: 0.119900 ms)

AssetImportParameters requested are different than current active one (requested -> active):
  custom:framework-win-MediaFoundation: 216162199b28c13a410421893ffa2e32 -> 
  custom:video-decoder-ogg-theora: a1e56fd34408186e4bbccfd4996cb3dc -> 
  custom:container-muxer-webm: aa71ff27fc2769a1b78a27578f13a17b -> 
  custom:container-demuxer-webm: 4f35f7cbe854078d1ac9338744f61a02 -> 
  custom:container-demuxer-ogg: 62fdf1f143b41e24485cea50d1cbac27 -> 
  custom:video-encoder-webm-vp8: eb34c28f22e8b96e1ab97ce403110664 -> 
  custom:video-decoder-webm-vp8: 9c59270c3fd7afecdb556c50c9e8de78 -> 
  custom:audio-decoder-ogg-vorbis: bf7c407c2cedff20999df2af8eb42d56 -> 
  custom:audio-encoder-webm-vorbis: bf7c407c2cedff20999df2af8eb42d56 -> 
========================================================================
Received Import Request.
  path: Assets/Fonts/Score Board St.ttf
  artifactKey: Guid(800f2790242a979408a938f765819768) Importer(815301076,1909f56bfc062723c751e8b465ee728b)
Start importing Assets/Fonts/Score Board St.ttf using Guid(800f2790242a979408a938f765819768) Importer(815301076,1909f56bfc062723c751e8b465ee728b)  -> (artifact id: '739a9fbb8d9cc0a116f0c4a7265d6858') in 0.100235 seconds 
  Import took 0.103616 seconds .

========================================================================
Received Import Request.
  Time since last request: 9.034518 seconds.
  path: Assets/SFX/SFX_Bounce.ogg
  artifactKey: Guid(c7a35436de629574e82be38d890f6d31) Importer(815301076,1909f56bfc062723c751e8b465ee728b)
Start importing Assets/SFX/SFX_Bounce.ogg using Guid(c7a35436de629574e82be38d890f6d31) Importer(815301076,1909f56bfc062723c751e8b465ee728b)  -> (artifact id: '12af78ab32da8538430a03a70deb9197') in 0.027832 seconds 
  Import took 0.031062 seconds .

========================================================================
Received Import Request.
  Time since last request: 0.000170 seconds.
  path: Assets/SFX/SFX_Click.ogg
  artifactKey: Guid(7d142a40688572b47a4e86a8baeb6a7e) Importer(815301076,1909f56bfc062723c751e8b465ee728b)
Start importing Assets/SFX/SFX_Click.ogg using Guid(7d142a40688572b47a4e86a8baeb6a7e) Importer(815301076,1909f56bfc062723c751e8b465ee728b)  -> (artifact id: '89c7bd7be5977253d823fcc7ae94450b') in 0.008499 seconds 
  Import took 0.011470 seconds .

========================================================================
Received Import Request.
  Time since last request: 0.000260 seconds.
  path: Assets/SFX/SFX_Click_3.ogg
  artifactKey: Guid(e54320b0232ada245b6ba1cac48326f8) Importer(815301076,1909f56bfc062723c751e8b465ee728b)
Start importing Assets/SFX/SFX_Click_3.ogg using Guid(e54320b0232ada245b6ba1cac48326f8) Importer(815301076,1909f56bfc062723c751e8b465ee728b)  -> (artifact id: '991818651c8ec8bbd490ac10f3083064') in 0.012673 seconds 
  Import took 0.016057 seconds .

========================================================================
Received Import Request.
  Time since last request: 0.000192 seconds.
  path: Assets/SFX/SFX_Clunk.ogg
  artifactKey: Guid(e67b3bca740e6f342b5f438313abec27) Importer(815301076,1909f56bfc062723c751e8b465ee728b)
Start importing Assets/SFX/SFX_Clunk.ogg using Guid(e67b3bca740e6f342b5f438313abec27) Importer(815301076,1909f56bfc062723c751e8b465ee728b)  -> (artifact id: '8ea247eb803be91f1492dece550dc19e') in 0.009400 seconds 
  Import took 0.012798 seconds .

========================================================================
Received Import Request.
  Time since last request: 0.000293 seconds.
  path: Assets/SFX/SFX_Click_2.ogg
  artifactKey: Guid(9d0af2a8fb905ad48bfdf15eb5b263d0) Importer(815301076,1909f56bfc062723c751e8b465ee728b)
Start importing Assets/SFX/SFX_Click_2.ogg using Guid(9d0af2a8fb905ad48bfdf15eb5b263d0) Importer(815301076,1909f56bfc062723c751e8b465ee728b)  -> (artifact id: 'a62687f546f2c6262bd6c5a5a8d7822a') in 0.008792 seconds 
  Import took 0.012032 seconds .

========================================================================
Received Import Request.
  Time since last request: 0.005549 seconds.
  path: Assets/SFX/SFX_Clunk.ogg
  artifactKey: Guid(e67b3bca740e6f342b5f438313abec27) Importer(815301076,1909f56bfc062723c751e8b465ee728b)
Start importing Assets/SFX/SFX_Clunk.ogg using Guid(e67b3bca740e6f342b5f438313abec27) Importer(815301076,1909f56bfc062723c751e8b465ee728b)  -> (artifact id: '8ea247eb803be91f1492dece550dc19e') in 0.006466 seconds 
  Import took 0.009690 seconds .

========================================================================
Received Import Request.
  Time since last request: 10.511223 seconds.
  path: Assets/Sprites/ball3.png
  artifactKey: Guid(7f68ae3e77968ac47b18d4670ffe6161) Importer(815301076,1909f56bfc062723c751e8b465ee728b)
Start importing Assets/Sprites/ball3.png using Guid(7f68ae3e77968ac47b18d4670ffe6161) Importer(815301076,1909f56bfc062723c751e8b465ee728b)  -> (artifact id: '059aa4eb47fcd2bfb8ab5b820866db4a') in 0.041640 seconds 
  Import took 0.044782 seconds .

========================================================================
Received Import Request.
  Time since last request: 0.000181 seconds.
  path: Assets/Sprites/Block Broken 1.png
  artifactKey: Guid(e87b67cafd2c52c429048ac749d5b8a6) Importer(815301076,1909f56bfc062723c751e8b465ee728b)
Start importing Assets/Sprites/Block Broken 1.png using Guid(e87b67cafd2c52c429048ac749d5b8a6) Importer(815301076,1909f56bfc062723c751e8b465ee728b)  -> (artifact id: 'da37328aaf704f015110acc2b67fcedc') in 0.010778 seconds 
  Import took 0.013891 seconds .

========================================================================
Received Import Request.
  Time since last request: 0.000179 seconds.
  path: Assets/Sprites/Block Square.png
  artifactKey: Guid(3c3fb27910d6ab444ae71c59b98b33ee) Importer(815301076,1909f56bfc062723c751e8b465ee728b)
Start importing Assets/Sprites/Block Square.png using Guid(3c3fb27910d6ab444ae71c59b98b33ee) Importer(815301076,1909f56bfc062723c751e8b465ee728b)  -> (artifact id: '6e96e04ec6c7596a104af92a84e17414') in 0.011003 seconds 
  Import took 0.013824 seconds .

========================================================================
Received Import Request.
  Time since last request: 0.000167 seconds.
  path: Assets/Sprites/Paddle.png
  artifactKey: Guid(5a91da2ebcf99ee4a8df15c96b0e6136) Importer(815301076,1909f56bfc062723c751e8b465ee728b)
Start importing Assets/Sprites/Paddle.png using Guid(5a91da2ebcf99ee4a8df15c96b0e6136) Importer(815301076,1909f56bfc062723c751e8b465ee728b)  -> (artifact id: '905f76edc29da7a1fe8c8cca6be8ea66') in 0.011770 seconds 
  Import took 0.014581 seconds .

========================================================================
Received Import Request.
  Time since last request: 0.000162 seconds.
  path: Assets/Sprites/Blue Rocket Background.jpg
  artifactKey: Guid(6cb5547962fd6724ab90374ac6dd7ae8) Importer(815301076,1909f56bfc062723c751e8b465ee728b)
Start importing Assets/Sprites/Blue Rocket Background.jpg using Guid(6cb5547962fd6724ab90374ac6dd7ae8) Importer(815301076,1909f56bfc062723c751e8b465ee728b)  -> (artifact id: '2d0da7a2b8a40da336a33cba6c4ed5d1') in 0.016312 seconds 
  Import took 0.019416 seconds .

========================================================================
Received Import Request.
  Time since last request: 0.000157 seconds.
  path: Assets/Sprites/Block Broken 2.png
  artifactKey: Guid(ac3f9ea5a6e2a05469c599748de95c2e) Importer(815301076,1909f56bfc062723c751e8b465ee728b)
Start importing Assets/Sprites/Block Broken 2.png using Guid(ac3f9ea5a6e2a05469c599748de95c2e) Importer(815301076,1909f56bfc062723c751e8b465ee728b)  -> (artifact id: 'f3cd8ec68b23611a86632b52b6429e4b') in 0.014878 seconds 
  Import took 0.017823 seconds .

========================================================================
Received Import Request.
  Time since last request: 44.035934 seconds.
  path: Assets/TextMesh Pro/Sprites
  artifactKey: Guid(d0603b6d5186471b96c778c3949c7ce2) Importer(815301076,1909f56bfc062723c751e8b465ee728b)
Start importing Assets/TextMesh Pro/Sprites using Guid(d0603b6d5186471b96c778c3949c7ce2) Importer(815301076,1909f56bfc062723c751e8b465ee728b)  -> (artifact id: '416008a3a1bc54680708c84dc23f7dd4') in 0.004784 seconds 
  Import took 0.007945 seconds .

========================================================================
Received Import Request.
  Time since last request: 0.074135 seconds.
  path: Assets/TextMesh Pro/Sprites/EmojiOne.png
  artifactKey: Guid(dffef66376be4fa480fb02b19edbe903) Importer(815301076,1909f56bfc062723c751e8b465ee728b)
Start importing Assets/TextMesh Pro/Sprites/EmojiOne.png using Guid(dffef66376be4fa480fb02b19edbe903) Importer(815301076,1909f56bfc062723c751e8b465ee728b)  -> (artifact id: '92586aecf8e2538689274de9a92d1815') in 0.008727 seconds 
  Import took 0.012121 seconds .

========================================================================
Received Import Request.
  Time since last request: 6.576755 seconds.
  path: Packages/com.unity.2d.animation/package.json
  artifactKey: Guid(9e83c20a8293f44ec8a375d3805f477d) Importer(815301076,1909f56bfc062723c751e8b465ee728b)
Start importing Packages/com.unity.2d.animation/package.json using Guid(9e83c20a8293f44ec8a375d3805f477d) Importer(815301076,1909f56bfc062723c751e8b465ee728b)  -> (artifact id: '69fe188d5ff8e83b9163b5b67c2a4b8c') in 0.007654 seconds 
  Import took 0.010771 seconds .

========================================================================
Received Import Request.
  Time since last request: 1.111071 seconds.
  path: Packages/com.unity.2d.common/package.json
  artifactKey: Guid(68f1917ec3cac45b080c26153375c2bb) Importer(815301076,1909f56bfc062723c751e8b465ee728b)
Start importing Packages/com.unity.2d.common/package.json using Guid(68f1917ec3cac45b080c26153375c2bb) Importer(815301076,1909f56bfc062723c751e8b465ee728b)  -> (artifact id: '726e3c4917ffa1ae09b49b6143e48641') in 0.002140 seconds 
  Import took 0.005332 seconds .

========================================================================
Received Import Request.
  Time since last request: 0.382609 seconds.
  path: Packages/com.unity.2d.pixel-perfect/package.json
  artifactKey: Guid(b1c570008ebc15d4183516ca5722a39e) Importer(815301076,1909f56bfc062723c751e8b465ee728b)
Start importing Packages/com.unity.2d.pixel-perfect/package.json using Guid(b1c570008ebc15d4183516ca5722a39e) Importer(815301076,1909f56bfc062723c751e8b465ee728b)  -> (artifact id: '5227b36987e11a79ebcac0b7a8953a03') in 0.002109 seconds 
  Import took 0.004962 seconds .

========================================================================
Received Import Request.
  Time since last request: 0.363045 seconds.
  path: Packages/com.unity.2d.psdimporter/package.json
  artifactKey: Guid(2f948ecb81c850949a2725b1ba265844) Importer(815301076,1909f56bfc062723c751e8b465ee728b)
Start importing Packages/com.unity.2d.psdimporter/package.json using Guid(2f948ecb81c850949a2725b1ba265844) Importer(815301076,1909f56bfc062723c751e8b465ee728b)  -> (artifact id: '5e35de09a832baf3b93f3ceeec5ce3b9') in 0.002023 seconds 
  Import took 0.004888 seconds .

========================================================================
Received Import Request.
  Time since last request: 0.745031 seconds.
  path: Packages/com.unity.2d.sprite/package.json
  artifactKey: Guid(7dc5f1e5d04ac8549ac21802071e983b) Importer(815301076,1909f56bfc062723c751e8b465ee728b)
Start importing Packages/com.unity.2d.sprite/package.json using Guid(7dc5f1e5d04ac8549ac21802071e983b) Importer(815301076,1909f56bfc062723c751e8b465ee728b)  -> (artifact id: 'bb1e03b14a4e3634620193c6a99e94cc') in 0.002163 seconds 
  Import took 0.005226 seconds .

========================================================================
Received Import Request.
  Time since last request: 1.035027 seconds.
  path: Packages/com.unity.mathematics/package.json
  artifactKey: Guid(d34d0af25c21141a98c0cf3c0066444f) Importer(815301076,1909f56bfc062723c751e8b465ee728b)
Start importing Packages/com.unity.mathematics/package.json using Guid(d34d0af25c21141a98c0cf3c0066444f) Importer(815301076,1909f56bfc062723c751e8b465ee728b)  -> (artifact id: '9e133b27a7535db0c1341f68ca58d592') in 0.002013 seconds 
  Import took 0.005141 seconds .

========================================================================
Received Import Request.
  Time since last request: 0.428842 seconds.
  path: Packages/com.unity.nuget.newtonsoft-json/package.json
  artifactKey: Guid(f8d4e5c2f2df25449ae8c391afbe5114) Importer(815301076,1909f56bfc062723c751e8b465ee728b)
Start importing Packages/com.unity.nuget.newtonsoft-json/package.json using Guid(f8d4e5c2f2df25449ae8c391afbe5114) Importer(815301076,1909f56bfc062723c751e8b465ee728b)  -> (artifact id: '3887d1616531507fa9c4f23ac1ba7ce0') in 0.002208 seconds 
  Import took 0.005482 seconds .

========================================================================
Received Import Request.
  Time since last request: 0.355065 seconds.
  path: Packages/com.unity.textmeshpro/package.json
  artifactKey: Guid(220e9325710f4235a43492dd1ee4980d) Importer(815301076,1909f56bfc062723c751e8b465ee728b)
Start importing Packages/com.unity.textmeshpro/package.json using Guid(220e9325710f4235a43492dd1ee4980d) Importer(815301076,1909f56bfc062723c751e8b465ee728b)  -> (artifact id: '2c6d4de5db3a39bcb3575c98dc9df750') in 0.002239 seconds 
  Import took 0.005420 seconds .

========================================================================
Received Import Request.
  Time since last request: 0.314493 seconds.
  path: Packages/com.unity.ugui/package.json
  artifactKey: Guid(319b8889f363f5947acf209c17a94149) Importer(815301076,1909f56bfc062723c751e8b465ee728b)
Start importing Packages/com.unity.ugui/package.json using Guid(319b8889f363f5947acf209c17a94149) Importer(815301076,1909f56bfc062723c751e8b465ee728b)  -> (artifact id: '77d4db1f8a6ea47d616661b3367f0c43') in 0.002042 seconds 
  Import took 0.004938 seconds .

========================================================================
Received Import Request.
  Time since last request: 0.326571 seconds.
  path: Packages/com.unity.collab-proxy/package.json
  artifactKey: Guid(743fda8c4b219c8429fb5a77ede1c879) Importer(815301076,1909f56bfc062723c751e8b465ee728b)
Start importing Packages/com.unity.collab-proxy/package.json using Guid(743fda8c4b219c8429fb5a77ede1c879) Importer(815301076,1909f56bfc062723c751e8b465ee728b)  -> (artifact id: '22711bbe2ecf9b7a08a2aa13e19b453b') in 0.002037 seconds 
  Import took 0.004977 seconds .

========================================================================
Received Import Request.
  Time since last request: 0.297030 seconds.
  path: Packages/com.unity.ide.visualstudio/package.json
  artifactKey: Guid(656f74f6edaa396458412b9e3903d8cd) Importer(815301076,1909f56bfc062723c751e8b465ee728b)
Start importing Packages/com.unity.ide.visualstudio/package.json using Guid(656f74f6edaa396458412b9e3903d8cd) Importer(815301076,1909f56bfc062723c751e8b465ee728b)  -> (artifact id: 'ce01f8b13dd649e633a5cb502b15c5a7') in 0.002001 seconds 
  Import took 0.004873 seconds .

AssetImportWorkerClient::OnTransportError - code=2 error=End of file
